This file contains any messages produced by compilers while
running configure, to aid debugging if configure makes a mistake.

It was created by configure, which was
generated by GNU Autoconf 2.63.  Invocation command line was

  $ ./configure --prefix=/usr/local/Cellar/libxslt/1.1.26 --with-libxml-prefix=/usr/local/Cellar/libxml2/2.7.8

## --------- ##
## Platform. ##
## --------- ##

hostname = guest-wireless-eup-nat-206-117-102-004.usc.edu
uname -m = x86_64
uname -r = 12.4.0
uname -s = Darwin
uname -v = Darwin Kernel Version 12.4.0: Wed May  1 17:57:12 PDT 2013; root:xnu-2050.24.15~1/RELEASE_X86_64

/usr/bin/uname -p = i386
/bin/uname -X     = unknown

/bin/arch              = unknown
/usr/bin/arch -k       = unknown
/usr/convex/getsysinfo = unknown
/usr/bin/hostinfo      = Mach kernel version:
	 Darwin Kernel Version 12.4.0: Wed May  1 17:57:12 PDT 2013; root:xnu-2050.24.15~1/RELEASE_X86_64
Kernel configured for up to 4 processors.
2 processors are physically available.
4 processors are logically available.
Processor type: i486 (Intel 80486)
Processors active: 0 1 2 3
Primary memory available: 4.00 gigabytes
Default processor set: 110 tasks, 703 threads, 4 processors
Load average: 1.34, Mach factor: 2.67
/bin/machine           = unknown
/usr/bin/oslevel       = unknown
/bin/universe          = unknown

PATH: /usr/local/heroku/bin
PATH: /usr/local/bin
PATH: /usr/local/rvm/gems/ruby-1.9.3-p392/bin
PATH: /usr/local/rvm/gems/ruby-1.9.3-p392@global/bin
PATH: /usr/local/rvm/rubies/ruby-1.9.3-p392/bin
PATH: /usr/local/rvm/bin
PATH: /usr/bin
PATH: /bin
PATH: /usr/sbin
PATH: /sbin
PATH: /usr/local/bin
PATH: /usr/local/git/bin
PATH: /opt/sm/bin
PATH: /opt/sm/pkg/active/bin
PATH: /opt/sm/pkg/active/sbin


## ----------- ##
## Core tests. ##
## ----------- ##

configure:2143: checking build system type
configure:2161: result: i386-apple-darwin12.4.0
configure:2183: checking host system type
configure:2198: result: i386-apple-darwin12.4.0
configure:2268: checking for gcc
configure:2284: found /usr/local/bin/gcc
configure:2295: result: gcc
configure:2527: checking for C compiler version
configure:2535: gcc --version >&5
gcc (GCC) 4.8.2
Copyright (C) 2013 Free Software Foundation, Inc.
This is free software; see the source for copying conditions.  There is NO
warranty; not even for MERCHANTABILITY or FITNESS FOR A PARTICULAR PURPOSE.

configure:2539: $? = 0
configure:2546: gcc -v >&5
Using built-in specs.
COLLECT_GCC=gcc
COLLECT_LTO_WRAPPER=/usr/local/Cellar/gcc48/4.8.2/libexec/gcc/x86_64-apple-darwin12.4.0/4.8.2/lto-wrapper
Target: x86_64-apple-darwin12.4.0
Configured with: ../configure --build=x86_64-apple-darwin12.4.0 --prefix=/usr/local/Cellar/gcc48/4.8.2 --enable-languages=c,c++,objc,obj-c++ --program-suffix=-4.8 --with-gmp=/usr/local/opt/gmp4 --with-mpfr=/usr/local/opt/mpfr2 --with-mpc=/usr/local/opt/libmpc08 --with-cloog=/usr/local/opt/cloog018 --with-isl=/usr/local/opt/isl011 --with-system-zlib --enable-version-specific-runtime-libs --enable-libstdcxx-time=yes --enable-stage1-checking --enable-checking=release --enable-lto --disable-werror --enable-plugin --disable-nls --disable-multilib
Thread model: posix
gcc version 4.8.2 (GCC) 
configure:2550: $? = 0
configure:2557: gcc -V >&5
gcc: error: unrecognized command line option '-V'
gcc: fatal error: no input files
compilation terminated.
configure:2561: $? = 1
configure:2584: checking for C compiler default output file name
configure:2606: gcc    conftest.c  >&5
ld: entry point (start) undefined.  Usually in crt1.o for architecture x86_64
collect2: error: ld returned 1 exit status
configure:2610: $? = 1
configure:2648: result: 
configure: failed program was:
| /* confdefs.h.  */
| #define PACKAGE_NAME ""
| #define PACKAGE_TARNAME ""
| #define PACKAGE_VERSION ""
| #define PACKAGE_STRING ""
| #define PACKAGE_BUGREPORT ""
| /* end confdefs.h.  */
| 
| int
| main ()
| {
| 
|   ;
|   return 0;
| }
configure:2654: error: in `/Users/PriscillaHugatree/Documents/rails_projects/sample_app/libxslt-1.1.26':
configure:2657: error: C compiler cannot create executables
See `config.log' for more details.

## ---------------- ##
## Cache variables. ##
## ---------------- ##

ac_cv_build=i386-apple-darwin12.4.0
ac_cv_env_CC_set=
ac_cv_env_CC_value=
ac_cv_env_CFLAGS_set=
ac_cv_env_CFLAGS_value=
ac_cv_env_CPPFLAGS_set=
ac_cv_env_CPPFLAGS_value=
ac_cv_env_CPP_set=
ac_cv_env_CPP_value=
ac_cv_env_LDFLAGS_set=
ac_cv_env_LDFLAGS_value=
ac_cv_env_LIBS_set=
ac_cv_env_LIBS_value=
ac_cv_env_build_alias_set=
ac_cv_env_build_alias_value=
ac_cv_env_host_alias_set=
ac_cv_env_host_alias_value=
ac_cv_env_target_alias_set=
ac_cv_env_target_alias_value=
ac_cv_host=i386-apple-darwin12.4.0
ac_cv_prog_ac_ct_CC=gcc

## ----------------- ##
## Output variables. ##
## ----------------- ##

ACLOCAL=''
AMDEPBACKSLASH=''
AMDEP_FALSE=''
AMDEP_TRUE=''
AMTAR=''
AR=''
AS=''
AUTOCONF=''
AUTOHEADER=''
AUTOMAKE=''
AWK=''
CC='gcc'
CCDEPMODE=''
CFLAGS=''
CPP=''
CPPFLAGS=''
CYGPATH_W=''
DEFS=''
DEPDIR=''
DLLTOOL=''
DSYMUTIL=''
DUMPBIN=''
ECHO_C='\c'
ECHO_N=''
ECHO_T=''
EGREP=''
EXEEXT=''
EXSLT_INCLUDEDIR=''
EXSLT_LIBDIR=''
EXSLT_LIBS=''
EXTRA_LIBS=''
FGREP=''
GREP=''
HTML_DIR=''
INSTALL_DATA=''
INSTALL_PROGRAM=''
INSTALL_SCRIPT=''
INSTALL_STRIP_PROGRAM=''
LD=''
LDFLAGS=''
LIBEXSLT_MAJOR_VERSION=''
LIBEXSLT_MICRO_VERSION=''
LIBEXSLT_MINOR_VERSION=''
LIBEXSLT_VERSION=''
LIBEXSLT_VERSION_EXTRA=''
LIBEXSLT_VERSION_INFO=''
LIBEXSLT_VERSION_NUMBER=''
LIBGCRYPT_CFLAGS=''
LIBGCRYPT_CONFIG=''
LIBGCRYPT_LIBS=''
LIBOBJS=''
LIBS=''
LIBTOOL=''
LIBXML_CFLAGS=''
LIBXML_LIBS=''
LIBXML_REQUIRED_VERSION=''
LIBXML_SRC=''
LIBXSLT_DEFAULT_PLUGINS_PATH=''
LIBXSLT_MAJOR_MINOR_VERSION=''
LIBXSLT_MAJOR_VERSION=''
LIBXSLT_MICRO_VERSION=''
LIBXSLT_MINOR_VERSION=''
LIBXSLT_VERSION=''
LIBXSLT_VERSION_EXTRA=''
LIBXSLT_VERSION_INFO=''
LIBXSLT_VERSION_NUMBER=''
LIPO=''
LN_S=''
LTLIBOBJS=''
MAKEINFO=''
MKDIR_P=''
MV=''
M_LIBS=''
NM=''
NMEDIT=''
OBJDUMP=''
OBJEXT=''
OTOOL64=''
OTOOL=''
PACKAGE=''
PACKAGE_BUGREPORT=''
PACKAGE_NAME=''
PACKAGE_STRING=''
PACKAGE_TARNAME=''
PACKAGE_VERSION=''
PATH_SEPARATOR=':'
PERL=''
PYTHON=''
PYTHONSODV=''
PYTHON_INCLUDES=''
PYTHON_SITE_PACKAGES=''
PYTHON_SUBDIR=''
PYTHON_VERSION=''
RANLIB=''
RELDATE=''
RM=''
SED=''
SET_MAKE=''
SHELL='/bin/sh'
STATIC_BINARIES=''
STRIP=''
TAR=''
THREAD_LIBS=''
USE_VERSION_SCRIPT_FALSE=''
USE_VERSION_SCRIPT_TRUE=''
VERSION=''
VERSION_SCRIPT_FLAGS=''
WIN32_EXTRA_LDFLAGS=''
WIN32_EXTRA_LIBADD=''
WITH_CRYPTO=''
WITH_DEBUGGER=''
WITH_MEM_DEBUG=''
WITH_MODULES=''
WITH_MODULES_FALSE=''
WITH_MODULES_TRUE=''
WITH_PERL_FALSE=''
WITH_PERL_TRUE=''
WITH_PYTHON_FALSE=''
WITH_PYTHON_TRUE=''
WITH_TRIO=''
WITH_XSLT_DEBUG=''
XMLLINT=''
XML_CONFIG=''
XSLTPROC=''
XSLTPROCDV=''
XSLT_INCLUDEDIR=''
XSLT_LIBDIR=''
XSLT_LIBS=''
XSLT_LOCALE_WINAPI=''
XSLT_LOCALE_XLOCALE=''
ac_ct_CC='gcc'
ac_ct_DUMPBIN=''
am__EXEEXT_FALSE=''
am__EXEEXT_TRUE=''
am__fastdepCC_FALSE=''
am__fastdepCC_TRUE=''
am__include=''
am__isrc=''
am__leading_dot=''
am__quote=''
am__tar=''
am__untar=''
bindir='${exec_prefix}/bin'
build='i386-apple-darwin12.4.0'
build_alias=''
build_cpu='i386'
build_os='darwin12.4.0'
build_vendor='apple'
datadir='${datarootdir}'
datarootdir='${prefix}/share'
docdir='${datarootdir}/doc/${PACKAGE}'
dvidir='${docdir}'
exec_prefix='NONE'
host='i386-apple-darwin12.4.0'
host_alias=''
host_cpu='i386'
host_os='darwin12.4.0'
host_vendor='apple'
htmldir='${docdir}'
includedir='${prefix}/include'
infodir='${datarootdir}/info'
install_sh=''
libdir='${exec_prefix}/lib'
libexecdir='${exec_prefix}/libexec'
localedir='${datarootdir}/locale'
localstatedir='${prefix}/var'
lt_ECHO='/bin/echo'
mandir='${datarootdir}/man'
mkdir_p=''
oldincludedir='/usr/include'
pdfdir='${docdir}'
prefix='/usr/local/Cellar/libxslt/1.1.26'
program_transform_name='s,x,x,'
psdir='${docdir}'
pythondir=''
sbindir='${exec_prefix}/sbin'
sharedstatedir='${prefix}/com'
sysconfdir='${prefix}/etc'
target_alias=''

## ----------- ##
## confdefs.h. ##
## ----------- ##

#define PACKAGE_NAME ""
#define PACKAGE_TARNAME ""
#define PACKAGE_VERSION ""
#define PACKAGE_STRING ""
#define PACKAGE_BUGREPORT ""

configure: exit 77
